<?xml version="1.0" encoding="UTF-8"?>
<testsuite xmlns:xsi="http://www.w3.org/2001/XMLSchema-instance" xsi:noNamespaceSchemaLocation="https://maven.apache.org/surefire/maven-surefire-plugin/xsd/surefire-test-report-3.0.xsd" version="3.0" name="org.ozyegin.cs.repository.SampleRepositoryTest" time="0.107" tests="3" errors="0" skipped="0" failures="0">
  <properties>
[...]
</properties>
  <testcase name="updateSample" classname="org.ozyegin.cs.repository.SampleRepositoryTest" time="0.033"/>
  <testcase name="deleteSample" classname="org.ozyegin.cs.repository.SampleRepositoryTest" time="0.01"/>
  <testcase name="createAndGetListSample" classname="org.ozyegin.cs.repository.SampleRepositoryTest" time="0.014"/>
</testsuite>